<?xml version="1.0" encoding="UTF-8"?>
<testng-results ignored="0" total="3" passed="2" failed="1" skipped="0">
  <reporter-output>
  </reporter-output>
  <suite started-at="2022-02-19T13:22:45 SGT" name="Default suite" finished-at="2022-02-19T13:22:48 SGT" duration-ms="3606">
    <groups>
    </groups>
    <test started-at="2022-02-19T13:22:45 SGT" name="Default test" finished-at="2022-02-19T13:22:48 SGT" duration-ms="3606">
      <class name="webapp.webTest">
        <test-method is-config="true" signature="beforeTest()[pri:0, instance:webapp.webTest@1c1bbc4e]" started-at="2022-02-19T13:22:45 SGT" name="beforeTest" finished-at="2022-02-19T13:22:45 SGT" duration-ms="12" status="PASS">
          <reporter-output>
          </reporter-output>
        </test-method> <!-- beforeTest -->
        <test-method signature="testAdminLogin()[pri:0, instance:webapp.webTest@1c1bbc4e]" started-at="2022-02-19T13:22:45 SGT" name="testAdminLogin" finished-at="2022-02-19T13:22:47 SGT" duration-ms="1861" status="FAIL">
          <exception class="java.lang.AssertionError">
            <message>
              <![CDATA[expected [true] but found [false]]]>
            </message>
            <full-stacktrace>
              <![CDATA[java.lang.AssertionError: expected [true] but found [false]
at webapp.webTest.testAdminLogin(webTest.java:70)
]]>
            </full-stacktrace>
          </exception> <!-- java.lang.AssertionError -->
          <reporter-output>
          </reporter-output>
        </test-method> <!-- testAdminLogin -->
        <test-method signature="testHeader()[pri:0, instance:webapp.webTest@1c1bbc4e]" started-at="2022-02-19T13:22:47 SGT" name="testHeader" finished-at="2022-02-19T13:22:48 SGT" duration-ms="872" status="PASS">
          <reporter-output>
          </reporter-output>
        </test-method> <!-- testHeader -->
        <test-method signature="testTitle()[pri:0, instance:webapp.webTest@1c1bbc4e]" started-at="2022-02-19T13:22:48 SGT" name="testTitle" finished-at="2022-02-19T13:22:48 SGT" duration-ms="832" status="PASS">
          <reporter-output>
          </reporter-output>
        </test-method> <!-- testTitle -->
        <test-method is-config="true" signature="afterTest()[pri:0, instance:webapp.webTest@1c1bbc4e]" started-at="2022-02-19T13:22:48 SGT" name="afterTest" finished-at="2022-02-19T13:22:48 SGT" duration-ms="0" status="PASS">
          <reporter-output>
          </reporter-output>
        </test-method> <!-- afterTest -->
      </class> <!-- webapp.webTest -->
    </test> <!-- Default test -->
  </suite> <!-- Default suite -->
</testng-results>
